#
# There is insufficient memory for the Java Runtime Environment to continue.
# Native memory allocation (mmap) failed to map 84934656 bytes for committing reserved memory.
# Possible reasons:
#   The system is out of physical RAM or swap space
#   In 32 bit mode, the process size limit was hit
# Possible solutions:
#   Reduce memory load on the system
#   Increase physical memory or swap space
#   Check if swap backing store is full
#   Use 64 bit Java on a 64 bit OS
#   Decrease Java heap size (-Xmx/-Xms)
#   Decrease number of Java threads
#   Decrease Java thread stack sizes (-Xss)
#   Set larger code cache with -XX:ReservedCodeCacheSize=
# This output file may be truncated or incomplete.
#
#  Out of Memory Error (os_linux.cpp:2627), pid=8945, tid=139845556975360
#
# JRE version: Java(TM) SE Runtime Environment (8.0_91-b14) (build 1.8.0_91-b14)
# Java VM: Java HotSpot(TM) 64-Bit Server VM (25.91-b14 mixed mode linux-amd64 compressed oops)
# Core dump written. Default location: /home/zhangwen/AndroidStudioProjects/MyApplication/hunong/core or core.8945
#

---------------  T H R E A D  ---------------

Current thread (0x00007f306c078000):  VMThread [stack: 0x00007f3054af3000,0x00007f3054bf4000] [id=8988]

Stack: [0x00007f3054af3000,0x00007f3054bf4000],  sp=0x00007f3054bf20a0,  free space=1020k
Native frames: (J=compiled Java code, j=interpreted, Vv=VM code, C=native code)
V  [libjvm.so+0xabc18a]  VMError::report_and_die()+0x2ba
V  [libjvm.so+0x4fafeb]  report_vm_out_of_memory(char const*, int, unsigned long, VMErrorType, char const*)+0x8b
V  [libjvm.so+0x91cbb3]  os::Linux::commit_memory_impl(char*, unsigned long, bool)+0x103
V  [libjvm.so+0x91d109]  os::pd_commit_memory(char*, unsigned long, unsigned long, bool)+0x29
V  [libjvm.so+0x91740a]  os::commit_memory(char*, unsigned long, unsigned long, bool)+0x2a
V  [libjvm.so+0x98b033]  PSVirtualSpace::expand_by(unsigned long)+0x53
V  [libjvm.so+0x98c438]  PSYoungGen::resize_generation(unsigned long, unsigned long)+0xf8
V  [libjvm.so+0x98b592]  PSYoungGen::resize(unsigned long, unsigned long)+0x22
V  [libjvm.so+0x98886b]  PSScavenge::invoke_no_policy()+0xf3b
V  [libjvm.so+0x988ff1]  PSScavenge::invoke()+0x41
V  [libjvm.so+0x9408b0]  ParallelScavengeHeap::failed_mem_allocate(unsigned long)+0x70
V  [libjvm.so+0xabdba7]  VM_ParallelGCFailedAllocation::doit()+0x97
V  [libjvm.so+0xac55d5]  VM_Operation::evaluate()+0x55
V  [libjvm.so+0xac39aa]  VMThread::evaluate_operation(VM_Operation*)+0xba
V  [libjvm.so+0xac3d2e]  VMThread::loop()+0x1ce
V  [libjvm.so+0xac41a0]  VMThread::run()+0x70
V  [libjvm.so+0x91ef78]  java_start(Thread*)+0x108

VM_Operation (0x00007f302fcfa9d0): ParallelGCFailedAllocation, mode: safepoint, requested by thread 0x00007f306c193000


---------------  P R O C E S S  ---------------

Java Threads: ( => current thread )
  0x00007f306c195800 JavaThread "pool-1-thread-4" [_thread_blocked, id=9037, stack(0x00007f302f9fa000,0x00007f302fafb000)]
  0x00007f306c194000 JavaThread "pool-1-thread-3" [_thread_blocked, id=9036, stack(0x00007f302fafb000,0x00007f302fbfc000)]
  0x00007f306c193000 JavaThread "pool-1-thread-2" [_thread_blocked, id=9035, stack(0x00007f302fbfc000,0x00007f302fcfd000)]
  0x00007f306c191000 JavaThread "pool-2-thread-1" [_thread_blocked, id=9034, stack(0x00007f302fcfd000,0x00007f302fdfe000)]
  0x00007f306c18f000 JavaThread "pool-1-thread-1" [_thread_blocked, id=9033, stack(0x00007f302fdfe000,0x00007f302feff000)]
  0x00007f306c0c0000 JavaThread "Service Thread" daemon [_thread_blocked, id=9016, stack(0x00007f30540b5000,0x00007f30541b6000)]
  0x00007f306c0bd800 JavaThread "C1 CompilerThread2" daemon [_thread_blocked, id=9015, stack(0x00007f30541b6000,0x00007f30542b7000)]
  0x00007f306c0bb800 JavaThread "C2 CompilerThread1" daemon [_thread_blocked, id=9012, stack(0x00007f30542b7000,0x00007f30543b8000)]
  0x00007f306c0b8800 JavaThread "C2 CompilerThread0" daemon [_thread_blocked, id=9011, stack(0x00007f30543b8000,0x00007f30544b9000)]
  0x00007f306c0b7000 JavaThread "Signal Dispatcher" daemon [_thread_blocked, id=9010, stack(0x00007f30544b9000,0x00007f30545ba000)]
  0x00007f306c084800 JavaThread "Finalizer" daemon [_thread_blocked, id=8994, stack(0x00007f30548f1000,0x00007f30549f2000)]
  0x00007f306c07f800 JavaThread "Reference Handler" daemon [_thread_blocked, id=8991, stack(0x00007f30549f2000,0x00007f3054af3000)]
  0x00007f306c00a000 JavaThread "main" [_thread_blocked, id=8957, stack(0x00007f30731f4000,0x00007f30732f5000)]

Other Threads:
=>0x00007f306c078000 VMThread [stack: 0x00007f3054af3000,0x00007f3054bf4000] [id=8988]
  0x00007f306c0c3000 WatcherThread [stack: 0x00007f302feff000,0x00007f3030000000] [id=9017]

VM state:at safepoint (normal execution)

VM Mutex/Monitor currently owned by a thread:  ([mutex/lock_event])
[0x00007f306c006770] Threads_lock - owner thread: 0x00007f306c078000
[0x00007f306c006c70] Heap_lock - owner thread: 0x00007f306c193000

Heap:
 PSYoungGen      total 136192K, used 19960K [0x00000000eab00000, 0x00000000f4800000, 0x0000000100000000)
  eden space 116224K, 0% used [0x00000000eab00000,0x00000000eab00000,0x00000000f1c80000)
  from space 19968K, 99% used [0x00000000f1c80000,0x00000000f2ffe288,0x00000000f3000000)
  to   space 15360K, 0% used [0x00000000f3000000,0x00000000f3000000,0x00000000f3f00000)
 ParOldGen       total 40960K, used 35246K [0x00000000c0000000, 0x00000000c2800000, 0x00000000eab00000)
  object space 40960K, 86% used [0x00000000c0000000,0x00000000c226b9b8,0x00000000c2800000)
 Metaspace       used 6387K, capacity 7192K, committed 7424K, reserved 1056768K
  class space    used 616K, capacity 656K, committed 768K, reserved 1048576K

Card table byte_map: [0x00007f307019b000,0x00007f307039c000] byte_map_base: 0x00007f306fb9b000

Marking Bits: (ParMarkBitMap*) 0x00007f30726ecd60
 Begin Bits: [0x00007f3056000000, 0x00007f3057000000)
 End Bits:   [0x00007f3057000000, 0x00007f3058000000)

Polling page: 0x00007f3073312000

CodeCache: size=245760Kb used=7177Kb max_used=7177Kb free=238582Kb
 bounds [0x00007f305d000000, 0x00007f305d710000, 0x00007f306c000000]
 total_blobs=2204 nmethods=1938 adapters=180
 compilation: enabled

Compilation events (10 events):
Event: 8.893 Thread 0x00007f306c0bd800 2244   !   2       java.util.concurrent.locks.AbstractQueuedSynchronizer::acquireQueued (93 bytes)
Event: 8.894 Thread 0x00007f306c0bd800 nmethod 2244 0x00007f305d702490 code [0x00007f305d702660, 0x00007f305d702b98]
Event: 8.894 Thread 0x00007f306c0bd800 2243       2       com.android.dx.util.BitIntSet::elements (8 bytes)
Event: 8.894 Thread 0x00007f306c0bd800 nmethod 2243 0x00007f305d703050 code [0x00007f305d7031c0, 0x00007f305d7033c8]
Event: 8.897 Thread 0x00007f306c0bd800 2253       2       com.android.dx.rop.code.SwitchInsn::withNewRegisters (22 bytes)
Event: 8.897 Thread 0x00007f306c0bd800 nmethod 2253 0x00007f305d703510 code [0x00007f305d703680, 0x00007f305d703868]
Event: 9.620 Thread 0x00007f306c0bd800 2257       2       com.android.dx.dex.cf.AttributeTranslator::translateInnerClasses (356 bytes)
Event: 9.628 Thread 0x00007f306c0bd800 nmethod 2257 0x00007f305d703950 code [0x00007f305d703d20, 0x00007f305d705098]
Event: 9.628 Thread 0x00007f306c0bd800 2256       2       java.io.DataInputStream::readUnsignedByte (22 bytes)
Event: 9.628 Thread 0x00007f306c0bd800 nmethod 2256 0x00007f305d706c50 code [0x00007f305d706dc0, 0x00007f305d706f98]

GC Heap History (10 events):
Event: 2.856 GC heap after
Heap after GC invocations=4 (full 0):
 PSYoungGen      total 33280K, used 2553K [0x00000000eab00000, 0x00000000ece00000, 0x0000000100000000)
  eden space 30720K, 0% used [0x00000000eab00000,0x00000000eab00000,0x00000000ec900000)
  from space 2560K, 99% used [0x00000000ecb80000,0x00000000ecdfe650,0x00000000ece00000)
  to   space 2560K, 0% used [0x00000000ec900000,0x00000000ec900000,0x00000000ecb80000)
 ParOldGen       total 40960K, used 7576K [0x00000000c0000000, 0x00000000c2800000, 0x00000000eab00000)
  object space 40960K, 18% used [0x00000000c0000000,0x00000000c07662f8,0x00000000c2800000)
 Metaspace       used 5806K, capacity 6768K, committed 7040K, reserved 1056768K
  class space    used 594K, capacity 616K, committed 640K, reserved 1048576K
}
Event: 3.579 GC heap before
{Heap before GC invocations=5 (full 0):
 PSYoungGen      total 33280K, used 33273K [0x00000000eab00000, 0x00000000ece00000, 0x0000000100000000)
  eden space 30720K, 100% used [0x00000000eab00000,0x00000000ec900000,0x00000000ec900000)
  from space 2560K, 99% used [0x00000000ecb80000,0x00000000ecdfe650,0x00000000ece00000)
  to   space 2560K, 0% used [0x00000000ec900000,0x00000000ec900000,0x00000000ecb80000)
 ParOldGen       total 40960K, used 7576K [0x00000000c0000000, 0x00000000c2800000, 0x00000000eab00000)
  object space 40960K, 18% used [0x00000000c0000000,0x00000000c07662f8,0x00000000c2800000)
 Metaspace       used 5882K, capacity 6832K, committed 7040K, reserved 1056768K
  class space    used 595K, capacity 616K, committed 640K, reserved 1048576K
Event: 3.668 GC heap after
Heap after GC invocations=5 (full 0):
 PSYoungGen      total 33280K, used 2531K [0x00000000eab00000, 0x00000000efa00000, 0x0000000100000000)
  eden space 30720K, 0% used [0x00000000eab00000,0x00000000eab00000,0x00000000ec900000)
  from space 2560K, 98% used [0x00000000ec900000,0x00000000ecb78c80,0x00000000ecb80000)
  to   space 9728K, 0% used [0x00000000ef080000,0x00000000ef080000,0x00000000efa00000)
 ParOldGen       total 40960K, used 12861K [0x00000000c0000000, 0x00000000c2800000, 0x00000000eab00000)
  object space 40960K, 31% used [0x00000000c0000000,0x00000000c0c8f768,0x00000000c2800000)
 Metaspace       used 5882K, capacity 6832K, committed 7040K, reserved 1056768K
  class space    used 595K, capacity 616K, committed 640K, reserved 1048576K
}
Event: 4.384 GC heap before
{Heap before GC invocations=6 (full 0):
 PSYoungGen      total 33280K, used 33251K [0x00000000eab00000, 0x00000000efa00000, 0x0000000100000000)
  eden space 30720K, 100% used [0x00000000eab00000,0x00000000ec900000,0x00000000ec900000)
  from space 2560K, 98% used [0x00000000ec900000,0x00000000ecb78c80,0x00000000ecb80000)
  to   space 9728K, 0% used [0x00000000ef080000,0x00000000ef080000,0x00000000efa00000)
 ParOldGen       total 40960K, used 12861K [0x00000000c0000000, 0x00000000c2800000, 0x00000000eab00000)
  object space 40960K, 31% used [0x00000000c0000000,0x00000000c0c8f768,0x00000000c2800000)
 Metaspace       used 5901K, capacity 6896K, committed 7040K, reserved 1056768K
  class space    used 595K, capacity 616K, committed 640K, reserved 1048576K
Event: 4.468 GC heap after
Heap after GC invocations=6 (full 0):
 PSYoungGen      total 70144K, used 7785K [0x00000000eab00000, 0x00000000efc00000, 0x0000000100000000)
  eden space 60416K, 0% used [0x00000000eab00000,0x00000000eab00000,0x00000000ee600000)
  from space 9728K, 80% used [0x00000000ef080000,0x00000000ef81a660,0x00000000efa00000)
  to   space 10752K, 0% used [0x00000000ee600000,0x00000000ee600000,0x00000000ef080000)
 ParOldGen       total 40960K, used 12861K [0x00000000c0000000, 0x00000000c2800000, 0x00000000eab00000)
  object space 40960K, 31% used [0x00000000c0000000,0x00000000c0c8f768,0x00000000c2800000)
 Metaspace       used 5901K, capacity 6896K, committed 7040K, reserved 1056768K
  class space    used 595K, capacity 616K, committed 640K, reserved 1048576K
}
Event: 5.668 GC heap before
{Heap before GC invocations=7 (full 0):
 PSYoungGen      total 70144K, used 68201K [0x00000000eab00000, 0x00000000efc00000, 0x0000000100000000)
  eden space 60416K, 100% used [0x00000000eab00000,0x00000000ee600000,0x00000000ee600000)
  from space 9728K, 80% used [0x00000000ef080000,0x00000000ef81a660,0x00000000efa00000)
  to   space 10752K, 0% used [0x00000000ee600000,0x00000000ee600000,0x00000000ef080000)
 ParOldGen       total 40960K, used 12861K [0x00000000c0000000, 0x00000000c2800000, 0x00000000eab00000)
  object space 40960K, 31% used [0x00000000c0000000,0x00000000c0c8f768,0x00000000c2800000)
 Metaspace       used 5984K, capacity 6960K, committed 7040K, reserved 1056768K
  class space    used 595K, capacity 616K, committed 640K, reserved 1048576K
Event: 5.798 GC heap after
Heap after GC invocations=7 (full 0):
 PSYoungGen      total 71168K, used 10726K [0x00000000eab00000, 0x00000000f3f00000, 0x0000000100000000)
  eden space 60416K, 0% used [0x00000000eab00000,0x00000000eab00000,0x00000000ee600000)
  from space 10752K, 99% used [0x00000000ee600000,0x00000000ef079878,0x00000000ef080000)
  to   space 15360K, 0% used [0x00000000f3000000,0x00000000f3000000,0x00000000f3f00000)
 ParOldGen       total 40960K, used 17778K [0x00000000c0000000, 0x00000000c2800000, 0x00000000eab00000)
  object space 40960K, 43% used [0x00000000c0000000,0x00000000c115c8a8,0x00000000c2800000)
 Metaspace       used 5984K, capacity 6960K, committed 7040K, reserved 1056768K
  class space    used 595K, capacity 616K, committed 640K, reserved 1048576K
}
Event: 6.764 GC heap before
{Heap before GC invocations=8 (full 0):
 PSYoungGen      total 71168K, used 71142K [0x00000000eab00000, 0x00000000f3f00000, 0x0000000100000000)
  eden space 60416K, 100% used [0x00000000eab00000,0x00000000ee600000,0x00000000ee600000)
  from space 10752K, 99% used [0x00000000ee600000,0x00000000ef079878,0x00000000ef080000)
  to   space 15360K, 0% used [0x00000000f3000000,0x00000000f3000000,0x00000000f3f00000)
 ParOldGen       total 40960K, used 17778K [0x00000000c0000000, 0x00000000c2800000, 0x00000000eab00000)
  object space 40960K, 43% used [0x00000000c0000000,0x00000000c115c8a8,0x00000000c2800000)
 Metaspace       used 6085K, capacity 7024K, committed 7296K, reserved 1056768K
  class space    used 595K, capacity 616K, committed 640K, reserved 1048576K
Event: 6.906 GC heap after
Heap after GC invocations=8 (full 0):
 PSYoungGen      total 131584K, used 15345K [0x00000000eab00000, 0x00000000f4800000, 0x0000000100000000)
  eden space 116224K, 0% used [0x00000000eab00000,0x00000000eab00000,0x00000000f1c80000)
  from space 15360K, 99% used [0x00000000f3000000,0x00000000f3efc6c8,0x00000000f3f00000)
  to   space 19968K, 0% used [0x00000000f1c80000,0x00000000f1c80000,0x00000000f3000000)
 ParOldGen       total 40960K, used 22932K [0x00000000c0000000, 0x00000000c2800000, 0x00000000eab00000)
  object space 40960K, 55% used [0x00000000c0000000,0x00000000c16653d8,0x00000000c2800000)
 Metaspace       used 6085K, capacity 7024K, committed 7296K, reserved 1056768K
  class space    used 595K, capacity 616K, committed 640K, reserved 1048576K
}
Event: 9.633 GC heap before
{Heap before GC invocations=9 (full 0):
 PSYoungGen      total 131584K, used 131569K [0x00000000eab00000, 0x00000000f4800000, 0x0000000100000000)
  eden space 116224K, 100% used [0x00000000eab00000,0x00000000f1c80000,0x00000000f1c80000)
  from space 15360K, 99% used [0x00000000f3000000,0x00000000f3efc6c8,0x00000000f3f00000)
  to   space 19968K, 0% used [0x00000000f1c80000,0x00000000f1c80000,0x00000000f3000000)
 ParOldGen       total 40960K, used 22932K [0x00000000c0000000, 0x00000000c2800000, 0x00000000eab00000)
  object space 40960K, 55% used [0x00000000c0000000,0x00000000c16653d8,0x00000000c2800000)
 Metaspace       used 6387K, capacity 7192K, committed 7424K, reserved 1056768K
  class space    used 616K, capacity 656K, committed 768K, reserved 1048576K

Deoptimization events (10 events):
Event: 3.573 Thread 0x00007f306c18f000 Uncommon trap: reason=bimorphic action=maybe_recompile pc=0x00007f305d2edac4 method=java.util.HashMap.getNode(ILjava/lang/Object;)Ljava/util/HashMap$Node; @ 126
Event: 3.573 Thread 0x00007f306c18f000 Uncommon trap: reason=bimorphic action=maybe_recompile pc=0x00007f305d2edac4 method=java.util.HashMap.getNode(ILjava/lang/Object;)Ljava/util/HashMap$Node; @ 126
Event: 3.573 Thread 0x00007f306c18f000 Uncommon trap: reason=bimorphic action=maybe_recompile pc=0x00007f305d2e0794 method=java.util.HashMap.getNode(ILjava/lang/Object;)Ljava/util/HashMap$Node; @ 126
Event: 5.100 Thread 0x00007f306c195800 Uncommon trap: reason=unstable_if action=reinterpret pc=0x00007f305d410984 method=com.android.dx.ssa.SsaRenamer$BlockRenamer.visitMoveInsn(Lcom/android/dx/ssa/NormalSsaInsn;)V @ 104
Event: 6.017 Thread 0x00007f306c194000 Uncommon trap: reason=bimorphic action=maybe_recompile pc=0x00007f305d4dd3c0 method=java.util.HashMap.putVal(ILjava/lang/Object;Ljava/lang/Object;ZZ)Ljava/lang/Object; @ 203
Event: 7.333 Thread 0x00007f306c193000 Uncommon trap: reason=unstable_if action=reinterpret pc=0x00007f305d320040 method=java.util.HashMap.putVal(ILjava/lang/Object;Ljava/lang/Object;ZZ)Ljava/lang/Object; @ 162
Event: 7.351 Thread 0x00007f306c18f000 Uncommon trap: reason=unstable_if action=reinterpret pc=0x00007f305d402f2c method=java.util.HashMap.getNode(ILjava/lang/Object;)Ljava/util/HashMap$Node; @ 84
Event: 7.355 Thread 0x00007f306c18f000 Uncommon trap: reason=unstable_if action=reinterpret pc=0x00007f305d4dcdc0 method=java.util.HashMap.putVal(ILjava/lang/Object;Ljava/lang/Object;ZZ)Ljava/lang/Object; @ 94
Event: 7.660 Thread 0x00007f306c194000 Uncommon trap: reason=unstable_if action=reinterpret pc=0x00007f305d5fcf04 method=com.android.dx.ssa.SCCP.simulateStmt(Lcom/android/dx/ssa/SsaInsn;)V @ 53
Event: 8.006 Thread 0x00007f306c00a000 Uncommon trap: reason=bimorphic action=maybe_recompile pc=0x00007f305d6bed8c method=com.android.dx.rop.code.RegisterSpec.withSimpleType()Lcom/android/dx/rop/code/RegisterSpec; @ 21

Internal exceptions (7 events):
Event: 0.074 Thread 0x00007f306c00a000 Exception <a 'java/lang/NoSuchMethodError': Method sun.misc.Unsafe.defineClass(Ljava/lang/String;[BII)Ljava/lang/Class; name or signature does not match> (0x00000000eab07cc0) thrown at [/HUDSON/workspace/8-2-build-linux-amd64/jdk8u91/6644/hotspot/src/shar
Event: 0.074 Thread 0x00007f306c00a000 Exception <a 'java/lang/NoSuchMethodError': Method sun.misc.Unsafe.prefetchRead(Ljava/lang/Object;J)V name or signature does not match> (0x00000000eab07fa8) thrown at [/HUDSON/workspace/8-2-build-linux-amd64/jdk8u91/6644/hotspot/src/share/vm/prims/jni.cpp
Event: 3.399 Thread 0x00007f306c194000 Implicit null exception at 0x00007f305d2bc1bd to 0x00007f305d2bf52d
Event: 3.400 Thread 0x00007f306c194000 Implicit null exception at 0x00007f305d2d4c48 to 0x00007f305d2d76dd
Event: 7.334 Thread 0x00007f306c193000 Exception <a 'java/lang/ArrayIndexOutOfBoundsException': 18> (0x00000000ed147ed0) thrown at [/HUDSON/workspace/8-2-build-linux-amd64/jdk8u91/6644/hotspot/src/share/vm/interpreter/interpreterRuntime.cpp, line 366]
Event: 7.334 Thread 0x00007f306c193000 Exception <a 'java/lang/ArrayIndexOutOfBoundsException': 145> (0x00000000ed149a50) thrown at [/HUDSON/workspace/8-2-build-linux-amd64/jdk8u91/6644/hotspot/src/share/vm/interpreter/interpreterRuntime.cpp, line 366]
Event: 7.335 Thread 0x00007f306c193000 Exception <a 'java/lang/ArrayIndexOutOfBoundsException': 40> (0x00000000ed14ad38) thrown at [/HUDSON/workspace/8-2-build-linux-amd64/jdk8u91/6644/hotspot/src/share/vm/interpreter/interpreterRuntime.cpp, line 366]

Events (10 events):
Event: 7.848 Thread 0x00007f306c194000 DEOPT PACKING pc=0x00007f305d361c2c sp=0x00007f302fbfa120
Event: 7.848 Thread 0x00007f306c194000 DEOPT UNPACKING pc=0x00007f305d047633 sp=0x00007f302fbf9e20 mode 0
Event: 8.006 Thread 0x00007f306c00a000 Uncommon trap: trap_request=0xffffffc6 fr.pc=0x00007f305d6bed8c
Event: 8.006 Thread 0x00007f306c00a000 DEOPT PACKING pc=0x00007f305d6bed8c sp=0x00007f30732f2710
Event: 8.006 Thread 0x00007f306c00a000 DEOPT UNPACKING pc=0x00007f305d005229 sp=0x00007f30732f2688 mode 2
Event: 8.105 Thread 0x00007f306c18f000 DEOPT PACKING pc=0x00007f305d2eb8af sp=0x00007f302fefceb0
Event: 8.105 Thread 0x00007f306c18f000 DEOPT UNPACKING pc=0x00007f305d047633 sp=0x00007f302fefcc70 mode 0
Event: 8.145 Thread 0x00007f306c00a000 DEOPT PACKING pc=0x00007f305d51dc9f sp=0x00007f30732f31f0
Event: 8.145 Thread 0x00007f306c00a000 DEOPT UNPACKING pc=0x00007f305d047633 sp=0x00007f30732f2f10 mode 0
Event: 9.633 Executing VM operation: ParallelGCFailedAllocation


Dynamic libraries:
00400000-00401000 r-xp 00000000 08:07 668331                             /home/zhangwen/下载/jdk1.8.0_91/bin/java
00600000-00601000 rw-p 00000000 08:07 668331                             /home/zhangwen/下载/jdk1.8.0_91/bin/java
00bc5000-00be6000 rw-p 00000000 00:00 0                                  [heap]
c0000000-c2800000 rw-p 00000000 00:00 0 
c2800000-eab00000 ---p 00000000 00:00 0 
eab00000-f4800000 rw-p 00000000 00:00 0 
f9900000-100000000 ---p 00000000 00:00 0 
100000000-1000c0000 rw-p 00000000 00:00 0 
1000c0000-140000000 ---p 00000000 00:00 0 
7f300c000000-7f300c021000 rw-p 00000000 00:00 0 
7f300c021000-7f3010000000 ---p 00000000 00:00 0 
7f3010000000-7f3010021000 rw-p 00000000 00:00 0 
7f3010021000-7f3014000000 ---p 00000000 00:00 0 
7f3014000000-7f3014021000 rw-p 00000000 00:00 0 
7f3014021000-7f3018000000 ---p 00000000 00:00 0 
7f3018000000-7f3018033000 rw-p 00000000 00:00 0 
7f3018033000-7f301c000000 ---p 00000000 00:00 0 
7f301c000000-7f301c021000 rw-p 00000000 00:00 0 
7f301c021000-7f3020000000 ---p 00000000 00:00 0 
7f3020000000-7f3020051000 rw-p 00000000 00:00 0 
7f3020051000-7f3024000000 ---p 00000000 00:00 0 
7f3024000000-7f3024879000 rw-p 00000000 00:00 0 
7f3024879000-7f3028000000 ---p 00000000 00:00 0 
7f3028000000-7f3028021000 rw-p 00000000 00:00 0 
7f3028021000-7f302c000000 ---p 00000000 00:00 0 
7f302f9fa000-7f302f9fd000 ---p 00000000 00:00 0 
7f302f9fd000-7f302fafb000 rw-p 00000000 00:00 0                          [stack:9037]
7f302fafb000-7f302fafe000 ---p 00000000 00:00 0 
7f302fafe000-7f302fbfc000 rw-p 00000000 00:00 0                          [stack:9036]
7f302fbfc000-7f302fbff000 ---p 00000000 00:00 0 
7f302fbff000-7f302fcfd000 rw-p 00000000 00:00 0                          [stack:9035]
7f302fcfd000-7f302fd00000 ---p 00000000 00:00 0 
7f302fd00000-7f302fdfe000 rw-p 00000000 00:00 0                          [stack:9034]
7f302fdfe000-7f302fe01000 ---p 00000000 00:00 0 
7f302fe01000-7f302feff000 rw-p 00000000 00:00 0                          [stack:9033]
7f302feff000-7f302ff00000 ---p 00000000 00:00 0 
7f302ff00000-7f3030000000 rw-p 00000000 00:00 0                          [stack:9017]
7f3030000000-7f303085f000 rw-p 00000000 00:00 0 
7f303085f000-7f3034000000 ---p 00000000 00:00 0 
7f3034000000-7f3034798000 rw-p 00000000 00:00 0 
7f3034798000-7f3038000000 ---p 00000000 00:00 0 
7f3038000000-7f3038021000 rw-p 00000000 00:00 0 
7f3038021000-7f303c000000 ---p 00000000 00:00 0 
7f303c000000-7f303c021000 rw-p 00000000 00:00 0 
7f303c021000-7f3040000000 ---p 00000000 00:00 0 
7f3040000000-7f304028c000 rw-p 00000000 00:00 0 
7f304028c000-7f3044000000 ---p 00000000 00:00 0 
7f3044000000-7f3044021000 rw-p 00000000 00:00 0 
7f3044021000-7f3048000000 ---p 00000000 00:00 0 
7f3048000000-7f3048021000 rw-p 00000000 00:00 0 
7f3048021000-7f304c000000 ---p 00000000 00:00 0 
7f304c000000-7f304c021000 rw-p 00000000 00:00 0 
7f304c021000-7f3050000000 ---p 00000000 00:00 0 
7f3050000000-7f3050021000 rw-p 00000000 00:00 0 
7f3050021000-7f3054000000 ---p 00000000 00:00 0 
7f30540b5000-7f30540b8000 ---p 00000000 00:00 0 
7f30540b8000-7f30541b6000 rw-p 00000000 00:00 0                          [stack:9016]
7f30541b6000-7f30541b9000 ---p 00000000 00:00 0 
7f30541b9000-7f30542b7000 rw-p 00000000 00:00 0                          [stack:9015]
7f30542b7000-7f30542ba000 ---p 00000000 00:00 0 
7f30542ba000-7f30543b8000 rw-p 00000000 00:00 0                          [stack:9012]
7f30543b8000-7f30543bb000 ---p 00000000 00:00 0 
7f30543bb000-7f30544b9000 rw-p 00000000 00:00 0                          [stack:9011]
7f30544b9000-7f30544bc000 ---p 00000000 00:00 0 
7f30544bc000-7f30545ba000 rw-p 00000000 00:00 0                          [stack:9010]
7f30545ba000-7f30548f1000 r--p 00000000 08:07 526821                     /usr/lib/locale/locale-archive
7f30548f1000-7f30548f4000 ---p 00000000 00:00 0 
7f30548f4000-7f30549f2000 rw-p 00000000 00:00 0                          [stack:8994]
7f30549f2000-7f30549f5000 ---p 00000000 00:00 0 
7f30549f5000-7f3054af3000 rw-p 00000000 00:00 0                          [stack:8991]
7f3054af3000-7f3054af4000 ---p 00000000 00:00 0 
7f3054af4000-7f3055e80000 rw-p 00000000 00:00 0                          [stack:8988]
7f3055e80000-7f3056000000 ---p 00000000 00:00 0 
7f3056000000-7f3058000000 rw-p 00000000 00:00 0 
7f3058000000-7f3058021000 rw-p 00000000 00:00 0 
7f3058021000-7f305c000000 ---p 00000000 00:00 0 
7f305c049000-7f305c050000 r--s 00000000 08:07 794858                     /usr/lib/x86_64-linux-gnu/gconv/gconv-modules.cache
7f305c050000-7f305c063000 r--p 00000000 08:07 1719540                    /usr/share/locale/zh_CN/LC_MESSAGES/libc.mo
7f305c063000-7f305c07a000 r--s 00101000 08:07 1464767                    /home/zhangwen/AndroidStudioProjects/MyApplication/hunong/build/intermediates/exploded-aar/com.android.support/support-v4/24.0.0/jars/classes.jar
7f305c07a000-7f305c3ed000 rw-p 00000000 00:00 0 
7f305c3ed000-7f305c5c6000 r--s 03d1f000 08:07 1320928                    /home/zhangwen/下载/jdk1.8.0_91/jre/lib/rt.jar
7f305c5c6000-7f305c83c000 rw-p 00000000 00:00 0 
7f305c83c000-7f305c83d000 ---p 00000000 00:00 0 
7f305c83d000-7f305c93d000 rw-p 00000000 00:00 0                          [stack:8981]
7f305c93d000-7f305c93e000 ---p 00000000 00:00 0 
7f305c93e000-7f305ca3e000 rw-p 00000000 00:00 0                          [stack:8980]
7f305ca3e000-7f305ca3f000 ---p 00000000 00:00 0 
7f305ca3f000-7f305cb3f000 rw-p 00000000 00:00 0                          [stack:8976]
7f305cb3f000-7f305cb40000 ---p 00000000 00:00 0 
7f305cb40000-7f305cc5d000 rw-p 00000000 00:00 0                          [stack:8971]
7f305cc5d000-7f305d000000 ---p 00000000 00:00 0 
7f305d000000-7f305d710000 rwxp 00000000 00:00 0 
7f305d710000-7f306c000000 ---p 00000000 00:00 0 
7f306c000000-7f306c3a4000 rw-p 00000000 00:00 0 
7f306c3a4000-7f3070000000 ---p 00000000 00:00 0 
7f3070003000-7f3070059000 rw-p 00000000 00:00 0 
7f3070059000-7f307019b000 ---p 00000000 00:00 0 
7f307019b000-7f30701af000 rw-p 00000000 00:00 0 
7f30701af000-7f30702f0000 ---p 00000000 00:00 0 
7f30702f0000-7f307033f000 rw-p 00000000 00:00 0 
7f307033f000-7f307039b000 ---p 00000000 00:00 0 
7f307039b000-7f307039c000 rw-p 00000000 00:00 0 
7f307039c000-7f30703b6000 r-xp 00000000 08:07 1320979                    /home/zhangwen/下载/jdk1.8.0_91/jre/lib/amd64/libzip.so
7f30703b6000-7f30705b6000 ---p 0001a000 08:07 1320979                    /home/zhangwen/下载/jdk1.8.0_91/jre/lib/amd64/libzip.so
7f30705b6000-7f30705b7000 rw-p 0001a000 08:07 1320979                    /home/zhangwen/下载/jdk1.8.0_91/jre/lib/amd64/libzip.so
7f30705b7000-7f30705c2000 r-xp 00000000 08:07 4991365                    /lib/x86_64-linux-gnu/libnss_files-2.22.so
7f30705c2000-7f30707c1000 ---p 0000b000 08:07 4991365                    /lib/x86_64-linux-gnu/libnss_files-2.22.so
7f30707c1000-7f30707c2000 r--p 0000a000 08:07 4991365                    /lib/x86_64-linux-gnu/libnss_files-2.22.so
7f30707c2000-7f30707c3000 rw-p 0000b000 08:07 4991365                    /lib/x86_64-linux-gnu/libnss_files-2.22.so
7f30707c3000-7f30707c9000 rw-p 00000000 00:00 0 
7f30707c9000-7f30707d3000 r-xp 00000000 08:07 4991367                    /lib/x86_64-linux-gnu/libnss_nis-2.22.so
7f30707d3000-7f30709d3000 ---p 0000a000 08:07 4991367                    /lib/x86_64-linux-gnu/libnss_nis-2.22.so
7f30709d3000-7f30709d4000 r--p 0000a000 08:07 4991367                    /lib/x86_64-linux-gnu/libnss_nis-2.22.so
7f30709d4000-7f30709d5000 rw-p 0000b000 08:07 4991367                    /lib/x86_64-linux-gnu/libnss_nis-2.22.so
7f30709d5000-7f30709ea000 r-xp 00000000 08:07 4991362                    /lib/x86_64-linux-gnu/libnsl-2.22.so
7f30709ea000-7f3070be9000 ---p 00015000 08:07 4991362                    /lib/x86_64-linux-gnu/libnsl-2.22.so
7f3070be9000-7f3070bea000 r--p 00014000 08:07 4991362                    /lib/x86_64-linux-gnu/libnsl-2.22.so
7f3070bea000-7f3070beb000 rw-p 00015000 08:07 4991362                    /lib/x86_64-linux-gnu/libnsl-2.22.so
7f3070beb000-7f3070bed000 rw-p 00000000 00:00 0 
7f3070bed000-7f3070bf4000 r-xp 00000000 08:07 4991363                    /lib/x86_64-linux-gnu/libnss_compat-2.22.so
7f3070bf4000-7f3070df3000 ---p 00007000 08:07 4991363                    /lib/x86_64-linux-gnu/libnss_compat-2.22.so
7f3070df3000-7f3070df4000 r--p 00006000 08:07 4991363                    /lib/x86_64-linux-gnu/libnss_compat-2.22.so
7f3070df4000-7f3070df5000 rw-p 00007000 08:07 4991363                    /lib/x86_64-linux-gnu/libnss_compat-2.22.so
7f3070df5000-7f3070e1f000 r-xp 00000000 08:07 1320974                    /home/zhangwen/下载/jdk1.8.0_91/jre/lib/amd64/libjava.so
7f3070e1f000-7f307101f000 ---p 0002a000 08:07 1320974                    /home/zhangwen/下载/jdk1.8.0_91/jre/lib/amd64/libjava.so
7f307101f000-7f3071021000 rw-p 0002a000 08:07 1320974                    /home/zhangwen/下载/jdk1.8.0_91/jre/lib/amd64/libjava.so
7f3071021000-7f307102e000 r-xp 00000000 08:07 1320978                    /home/zhangwen/下载/jdk1.8.0_91/jre/lib/amd64/libverify.so
7f307102e000-7f307122e000 ---p 0000d000 08:07 1320978                    /home/zhangwen/下载/jdk1.8.0_91/jre/lib/amd64/libverify.so
7f307122e000-7f3071230000 rw-p 0000d000 08:07 1320978                    /home/zhangwen/下载/jdk1.8.0_91/jre/lib/amd64/libverify.so
7f3071230000-7f3071237000 r-xp 00000000 08:07 4991371                    /lib/x86_64-linux-gnu/librt-2.22.so
7f3071237000-7f3071436000 ---p 00007000 08:07 4991371                    /lib/x86_64-linux-gnu/librt-2.22.so
7f3071436000-7f3071437000 r--p 00006000 08:07 4991371                    /lib/x86_64-linux-gnu/librt-2.22.so
7f3071437000-7f3071438000 rw-p 00007000 08:07 4991371                    /lib/x86_64-linux-gnu/librt-2.22.so
7f3071438000-7f3071535000 r-xp 00000000 08:07 4991359                    /lib/x86_64-linux-gnu/libm-2.22.so
7f3071535000-7f3071734000 ---p 000fd000 08:07 4991359                    /lib/x86_64-linux-gnu/libm-2.22.so
7f3071734000-7f3071735000 r--p 000fc000 08:07 4991359                    /lib/x86_64-linux-gnu/libm-2.22.so
7f3071735000-7f3071736000 rw-p 000fd000 08:07 4991359                    /lib/x86_64-linux-gnu/libm-2.22.so
7f3071736000-7f30723f6000 r-xp 00000000 08:07 1593447                    /home/zhangwen/下载/jdk1.8.0_91/jre/lib/amd64/server/libjvm.so
7f30723f6000-7f30725f6000 ---p 00cc0000 08:07 1593447                    /home/zhangwen/下载/jdk1.8.0_91/jre/lib/amd64/server/libjvm.so
7f30725f6000-7f30726ce000 rw-p 00cc0000 08:07 1593447                    /home/zhangwen/下载/jdk1.8.0_91/jre/lib/amd64/server/libjvm.so
7f30726ce000-7f3072719000 rw-p 00000000 00:00 0 
7f3072719000-7f30728b3000 r-xp 00000000 08:07 4991355                    /lib/x86_64-linux-gnu/libc-2.22.so
7f30728b3000-7f3072ab3000 ---p 0019a000 08:07 4991355                    /lib/x86_64-linux-gnu/libc-2.22.so
7f3072ab3000-7f3072ab7000 r--p 0019a000 08:07 4991355                    /lib/x86_64-linux-gnu/libc-2.22.so
7f3072ab7000-7f3072ab9000 rw-p 0019e000 08:07 4991355                    /lib/x86_64-linux-gnu/libc-2.22.so
7f3072ab9000-7f3072abd000 rw-p 00000000 00:00 0 
7f3072abd000-7f3072abf000 r-xp 00000000 08:07 4991358                    /lib/x86_64-linux-gnu/libdl-2.22.so
7f3072abf000-7f3072cbf000 ---p 00002000 08:07 4991358                    /lib/x86_64-linux-gnu/libdl-2.22.so
7f3072cbf000-7f3072cc0000 r--p 00002000 08:07 4991358                    /lib/x86_64-linux-gnu/libdl-2.22.so
7f3072cc0000-7f3072cc1000 rw-p 00003000 08:07 4991358                    /lib/x86_64-linux-gnu/libdl-2.22.so
7f3072cc1000-7f3072cd6000 r-xp 00000000 08:07 794337                     /home/zhangwen/下载/jdk1.8.0_91/lib/amd64/jli/libjli.so
7f3072cd6000-7f3072ed6000 ---p 00015000 08:07 794337                     /home/zhangwen/下载/jdk1.8.0_91/lib/amd64/jli/libjli.so
7f3072ed6000-7f3072ed7000 rw-p 00015000 08:07 794337                     /home/zhangwen/下载/jdk1.8.0_91/lib/amd64/jli/libjli.so
7f3072ed7000-7f3072eef000 r-xp 00000000 08:07 4991351                    /lib/x86_64-linux-gnu/libpthread-2.22.so
7f3072eef000-7f30730ee000 ---p 00018000 08:07 4991351                    /lib/x86_64-linux-gnu/libpthread-2.22.so
7f30730ee000-7f30730ef000 r--p 00017000 08:07 4991351                    /lib/x86_64-linux-gnu/libpthread-2.22.so
7f30730ef000-7f30730f0000 rw-p 00018000 08:07 4991351                    /lib/x86_64-linux-gnu/libpthread-2.22.so
7f30730f0000-7f30730f4000 rw-p 00000000 00:00 0 
7f30730f4000-7f3073116000 r-xp 00000000 08:07 4991352                    /lib/x86_64-linux-gnu/ld-2.22.so
7f307311b000-7f30731f4000 rw-p 00000000 00:00 0 
7f30731f4000-7f30731f7000 ---p 00000000 00:00 0 
7f30731f7000-7f30732f9000 rw-p 00000000 00:00 0                          [stack:8957]
7f30732fa000-7f30732fb000 rw-p 00000000 00:00 0 
7f30732fb000-7f3073309000 r--s 000e0000 08:07 2627046                    /home/zhangwen/Android/Sdk/build-tools/24.0.0/lib/dx.jar
7f3073309000-7f3073311000 rw-s 00000000 08:07 2627071                    /tmp/hsperfdata_zhangwen/8945
7f3073311000-7f3073312000 rw-p 00000000 00:00 0 
7f3073312000-7f3073313000 ---p 00000000 00:00 0 
7f3073313000-7f3073315000 rw-p 00000000 00:00 0 
7f3073315000-7f3073316000 r--p 00021000 08:07 4991352                    /lib/x86_64-linux-gnu/ld-2.22.so
7f3073316000-7f3073317000 rw-p 00022000 08:07 4991352                    /lib/x86_64-linux-gnu/ld-2.22.so
7f3073317000-7f3073318000 rw-p 00000000 00:00 0 
7ffe44bbe000-7ffe44be1000 rw-p 00000000 00:00 0                          [stack]
7ffe44bf7000-7ffe44bf9000 r--p 00000000 00:00 0                          [vvar]
7ffe44bf9000-7ffe44bfb000 r-xp 00000000 00:00 0                          [vdso]
ffffffffff600000-ffffffffff601000 r-xp 00000000 00:00 0                  [vsyscall]

VM Arguments:
jvm_args: -Djava.awt.headless=true -Xmx1024M -Dfile.encoding=UTF-8 -Duser.country=CN -Duser.language=zh -Duser.variant -Dawt.useSystemAAFontSettings=gasp 
java_command: com.android.dx.command.Main --dex --force-jumbo --num-threads=4 --output /home/zhangwen/AndroidStudioProjects/MyApplication/hunong/build/intermediates/pre-dexed/debug/com.android.support-support-v4-24.0.0_a071566c363e0d226dd0421088819343a920545d.jar /home/zhangwen/AndroidStudioProjects/MyApplication/hunong/build/intermediates/exploded-aar/com.android.support/support-v4/24.0.0/jars/classes.jar
java_class_path (initial): /home/zhangwen/Android/Sdk/build-tools/24.0.0/lib/dx.jar
Launcher Type: SUN_STANDARD

Environment Variables:
JAVA_HOME=/home/zhangwen/下载/jdk1.8.0_91
_JAVA_OPTIONS=  -Dawt.useSystemAAFontSettings=gasp
PATH=/home/zhangwen/下载/jdk1.8.0_91/bin:/下载/usr/java/jdk1.8.0_91/bin:/usr/local/bin:/usr/bin:/bin:/usr/local/games:/usr/games
LD_LIBRARY_PATH=.:
SHELL=/bin/bash
DISPLAY=:0

Signal Handlers:
SIGSEGV: [libjvm.so+0xabca10], sa_mask[0]=11111111011111111101111111111110, sa_flags=SA_RESTART|SA_SIGINFO
SIGBUS: [libjvm.so+0xabca10], sa_mask[0]=11111111011111111101111111111110, sa_flags=SA_RESTART|SA_SIGINFO
SIGFPE: [libjvm.so+0x919a20], sa_mask[0]=11111111011111111101111111111110, sa_flags=SA_RESTART|SA_SIGINFO
SIGPIPE: [libjvm.so+0x919a20], sa_mask[0]=11111111011111111101111111111110, sa_flags=SA_RESTART|SA_SIGINFO
SIGXFSZ: [libjvm.so+0x919a20], sa_mask[0]=11111111011111111101111111111110, sa_flags=SA_RESTART|SA_SIGINFO
SIGILL: [libjvm.so+0x919a20], sa_mask[0]=11111111011111111101111111111110, sa_flags=SA_RESTART|SA_SIGINFO
SIGUSR1: SIG_DFL, sa_mask[0]=00000000000000000000000000000000, sa_flags=none
SIGUSR2: [libjvm.so+0x91b050], sa_mask[0]=00100000000000000000000000000000, sa_flags=SA_RESTART|SA_SIGINFO
SIGHUP: [libjvm.so+0x91c450], sa_mask[0]=11111111011111111101111111111110, sa_flags=SA_RESTART|SA_SIGINFO
SIGINT: [libjvm.so+0x91c450], sa_mask[0]=11111111011111111101111111111110, sa_flags=SA_RESTART|SA_SIGINFO
SIGTERM: [libjvm.so+0x91c450], sa_mask[0]=11111111011111111101111111111110, sa_flags=SA_RESTART|SA_SIGINFO
SIGQUIT: [libjvm.so+0x91c450], sa_mask[0]=11111111011111111101111111111110, sa_flags=SA_RESTART|SA_SIGINFO


---------------  S Y S T E M  ---------------

OS:DISTRIB_ID=Deepin
DISTRIB_RELEASE=15.1.1
DISTRIB_DESCRIPTION="Deepin 15.1.1 "

uname:Linux 4.2.0-1-amd64 #1 SMP Debian 4.2.6-3 (2015-12-06) x86_64
libc:glibc 2.22 NPTL 2.22 
rlimit: STACK 8192k, CORE infinity, NPROC 15212, NOFILE 65536, AS infinity
load average:6.87 4.10 2.96

/proc/meminfo:
MemTotal:        3931868 kB
MemFree:          427716 kB
MemAvailable:     528020 kB
Buffers:            4252 kB
Cached:           396704 kB
SwapCached:            0 kB
Active:          3016048 kB
Inactive:         332688 kB
Active(anon):    2977988 kB
Inactive(anon):   270716 kB
Active(file):      38060 kB
Inactive(file):    61972 kB
Unevictable:          32 kB
Mlocked:              32 kB
SwapTotal:             0 kB
SwapFree:              0 kB
Dirty:               940 kB
Writeback:             0 kB
AnonPages:       2948508 kB
Mapped:           178668 kB
Shmem:            300252 kB
Slab:              66448 kB
SReclaimable:      29564 kB
SUnreclaim:        36884 kB
KernelStack:        8496 kB
PageTables:        32048 kB
NFS_Unstable:          0 kB
Bounce:                0 kB
WritebackTmp:          0 kB
CommitLimit:     1965932 kB
Committed_AS:    6006036 kB
VmallocTotal:   34359738367 kB
VmallocUsed:      368852 kB
VmallocChunk:   34358947836 kB
HardwareCorrupted:     0 kB
AnonHugePages:      4096 kB
HugePages_Total:       0
HugePages_Free:        0
HugePages_Rsvd:        0
HugePages_Surp:        0
Hugepagesize:       2048 kB
DirectMap4k:      144844 kB
DirectMap2M:     3930112 kB
DirectMap1G:           0 kB


CPU:total 4 (2 cores per cpu, 2 threads per core) family 6 model 69 stepping 1, cmov, cx8, fxsr, mmx, sse, sse2, sse3, ssse3, sse4.1, sse4.2, popcnt, avx, avx2, aes, clmul, erms, lzcnt, ht, tsc, tscinvbit, bmi1, bmi2

/proc/cpuinfo:
processor	: 0
vendor_id	: GenuineIntel
cpu family	: 6
model		: 69
model name	: Intel(R) Core(TM) i5-4210U CPU @ 1.70GHz
stepping	: 1
microcode	: 0x17
cpu MHz		: 1694.718
cache size	: 3072 KB
physical id	: 0
siblings	: 4
core id		: 0
cpu cores	: 2
apicid		: 0
initial apicid	: 0
fpu		: yes
fpu_exception	: yes
cpuid level	: 13
wp		: yes
flags		: fpu vme de pse tsc msr pae mce cx8 apic sep mtrr pge mca cmov pat pse36 clflush dts acpi mmx fxsr sse sse2 ss ht tm pbe syscall nx pdpe1gb rdtscp lm constant_tsc arch_perfmon pebs bts rep_good nopl xtopology nonstop_tsc aperfmperf eagerfpu pni pclmulqdq dtes64 monitor ds_cpl vmx est tm2 ssse3 fma cx16 xtpr pdcm pcid sse4_1 sse4_2 movbe popcnt tsc_deadline_timer aes xsave avx f16c rdrand lahf_lm abm ida arat epb pln pts dtherm tpr_shadow vnmi flexpriority ept vpid fsgsbase tsc_adjust bmi1 avx2 smep bmi2 erms invpcid xsaveopt
bugs		:
bogomips	: 4789.09
clflush size	: 64
cache_alignment	: 64
address sizes	: 39 bits physical, 48 bits virtual
power management:

processor	: 1
vendor_id	: GenuineIntel
cpu family	: 6
model		: 69
model name	: Intel(R) Core(TM) i5-4210U CPU @ 1.70GHz
stepping	: 1
microcode	: 0x17
cpu MHz		: 1700.156
cache size	: 3072 KB
physical id	: 0
siblings	: 4
core id		: 1
cpu cores	: 2
apicid		: 2
initial apicid	: 2
fpu		: yes
fpu_exception	: yes
cpuid level	: 13
wp		: yes
flags		: fpu vme de pse tsc msr pae mce cx8 apic sep mtrr pge mca cmov pat pse36 clflush dts acpi mmx fxsr sse sse2 ss ht tm pbe syscall nx pdpe1gb rdtscp lm constant_tsc arch_perfmon pebs bts rep_good nopl xtopology nonstop_tsc aperfmperf eagerfpu pni pclmulqdq dtes64 monitor ds_cpl vmx est tm2 ssse3 fma cx16 xtpr pdcm pcid sse4_1 sse4_2 movbe popcnt tsc_deadline_timer aes xsave avx f16c rdrand lahf_lm abm ida arat epb pln pts dtherm tpr_shadow vnmi flexpriority ept vpid fsgsbase tsc_adjust bmi1 avx2 smep bmi2 erms invpcid xsaveopt
bugs		:
bogomips	: 4789.09
clflush size	: 64
cache_alignment	: 64
address sizes	: 39 bits physical, 48 bits virtual
power management:

processor	: 2
vendor_id	: GenuineIntel
cpu family	: 6
model		: 69
model name	: Intel(R) Core(TM) i5-4210U CPU @ 1.70GHz
stepping	: 1
microcode	: 0x17
cpu MHz		: 1681.218
cache size	: 3072 KB
physical id	: 0
siblings	: 4
core id		: 0
cpu cores	: 2
apicid		: 1
initial apicid	: 1
fpu		: yes
fpu_exception	: yes
cpuid level	: 13
wp		: yes
flags		: fpu vme de pse tsc msr pae mce cx8 apic sep mtrr pge mca cmov pat pse36 clflush dts acpi mmx fxsr sse sse2 ss ht tm pbe syscall nx pdpe1gb rdtscp lm constant_tsc arch_perfmon pebs bts rep_good nopl xtopology nonstop_tsc aperfmperf eagerfpu pni pclmulqdq dtes64 monitor ds_cpl vmx est tm2 ssse3 fma cx16 xtpr pdcm pcid sse4_1 sse4_2 movbe popcnt tsc_deadline_timer aes xsave avx f16c rdrand lahf_lm abm ida arat epb pln pts dtherm tpr_shadow vnmi flexpriority ept vpid fsgsbase tsc_adjust bmi1 avx2 smep bmi2 erms invpcid xsaveopt
bugs		:
bogomips	: 4789.09
clflush size	: 64
cache_alignment	: 64
address sizes	: 39 bits physical, 48 bits virtual
power management:

processor	: 3
vendor_id	: GenuineIntel
cpu family	: 6
model		: 69
model name	: Intel(R) Core(TM) i5-4210U CPU @ 1.70GHz
stepping	: 1
microcode	: 0x17
cpu MHz		: 2400.000
cache size	: 3072 KB
physical id	: 0
siblings	: 4
core id		: 1
cpu cores	: 2
apicid		: 3
initial apicid	: 3
fpu		: yes
fpu_exception	: yes
cpuid level	: 13
wp		: yes
flags		: fpu vme de pse tsc msr pae mce cx8 apic sep mtrr pge mca cmov pat pse36 clflush dts acpi mmx fxsr sse sse2 ss ht tm pbe syscall nx pdpe1gb rdtscp lm constant_tsc arch_perfmon pebs bts rep_good nopl xtopology nonstop_tsc aperfmperf eagerfpu pni pclmulqdq dtes64 monitor ds_cpl vmx est tm2 ssse3 fma cx16 xtpr pdcm pcid sse4_1 sse4_2 movbe popcnt tsc_deadline_timer aes xsave avx f16c rdrand lahf_lm abm ida arat epb pln pts dtherm tpr_shadow vnmi flexpriority ept vpid fsgsbase tsc_adjust bmi1 avx2 smep bmi2 erms invpcid xsaveopt
bugs		:
bogomips	: 4789.09
clflush size	: 64
cache_alignment	: 64
address sizes	: 39 bits physical, 48 bits virtual
power management:



Memory: 4k page, physical 3931868k(427716k free), swap 0k(0k free)

vm_info: Java HotSpot(TM) 64-Bit Server VM (25.91-b14) for linux-amd64 JRE (1.8.0_91-b14), built on Apr  1 2016 00:57:21 by "java_re" with gcc 4.3.0 20080428 (Red Hat 4.3.0-8)

time: Sat Jul  9 12:19:55 2016
elapsed time: 19 seconds (0d 0h 0m 19s)

